<?xml version="1.0" encoding="UTF-8"?>
<!-- Generated by org.testng.reporters.JUnitReportReporter -->
<testsuite name="Mobile.com.mobile.framework.Amazon1" tests="1" time="33.162" ignored="0" failures="0" timestamp="25 Sep 2018 21:53:52 GMT" skipped="0" hostname="DESKTOP-F8IV01N" errors="0">
  <testcase name="testApp" time="33.162" classname="Mobile.com.mobile.framework.Amazon1"/>
</testsuite> <!-- Mobile.com.mobile.framework.Amazon1 -->
