<?xml version="1.0" encoding="UTF-8"?>
<!-- Generated by org.testng.reporters.JUnitReportReporter -->
<testsuite name="Mobile.com.mobile.framework.Amazon2" tests="1" time="14.631" ignored="0" failures="0" timestamp="23 Sep 2018 06:09:21 GMT" skipped="0" hostname="DESKTOP-F8IV01N" errors="0">
  <testcase name="testApp" time="14.631" classname="Mobile.com.mobile.framework.Amazon2"/>
</testsuite> <!-- Mobile.com.mobile.framework.Amazon2 -->
