<?xml version="1.0" encoding="UTF-8"?>
<!-- Generated by org.testng.reporters.JUnitReportReporter -->
<testsuite name="Mobile.com.mobile.framework.Amazon2" tests="1" time="12.755" ignored="0" failures="0" timestamp="25 Sep 2018 21:07:26 GMT" skipped="0" hostname="DESKTOP-F8IV01N" errors="1">
  <testcase name="testApp" time="12.755" classname="Mobile.com.mobile.framework.Amazon2">
    <error type="org.openqa.selenium.SessionNotCreatedException" message="A new session could not be created. (Original error: Activity used to start app doesn&#039;t exist or cannot be launched! Make sure it exists and is a launchable activity) (WARNING: The server did not provide any stacktrace information)
Command duration or timeout: 7.12 seconds
Build info: version: &#039;2.53.0&#039;, revision: &#039;35ae25b1534ae328c771e0856c93e187490ca824&#039;, time: &#039;2016-03-15 10:43:46&#039;
System info: host: &#039;DESKTOP-F8IV01N&#039;, ip: &#039;192.168.1.22&#039;, os.name: &#039;Windows 10&#039;, os.arch: &#039;amd64&#039;, os.version: &#039;10.0&#039;, java.version: &#039;1.8.0_144&#039;
Driver info: io.appium.java_client.android.AndroidDriver">
      <![CDATA[org.openqa.selenium.SessionNotCreatedException: A new session could not be created. (Original error: Activity used to start app doesn't exist or cannot be launched! Make sure it exists and is a launchable activity) (WARNING: The server did not provide any stacktrace information)
Command duration or timeout: 7.12 seconds
Build info: version: '2.53.0', revision: '35ae25b1534ae328c771e0856c93e187490ca824', time: '2016-03-15 10:43:46'
System info: host: 'DESKTOP-F8IV01N', ip: '192.168.1.22', os.name: 'Windows 10', os.arch: 'amd64', os.version: '10.0', java.version: '1.8.0_144'
Driver info: io.appium.java_client.android.AndroidDriver
	at sun.reflect.NativeConstructorAccessorImpl.newInstance0(Native Method)
	at sun.reflect.NativeConstructorAccessorImpl.newInstance(Unknown Source)
	at sun.reflect.DelegatingConstructorAccessorImpl.newInstance(Unknown Source)
	at java.lang.reflect.Constructor.newInstance(Unknown Source)
	at org.openqa.selenium.remote.ErrorHandler.createThrowable(ErrorHandler.java:206)
	at org.openqa.selenium.remote.ErrorHandler.throwIfResponseFailed(ErrorHandler.java:158)
	at org.openqa.selenium.remote.RemoteWebDriver.execute(RemoteWebDriver.java:678)
	at io.appium.java_client.DefaultGenericMobileDriver.execute(DefaultGenericMobileDriver.java:43)
	at io.appium.java_client.AppiumDriver.execute(AppiumDriver.java:1)
	at io.appium.java_client.android.AndroidDriver.execute(AndroidDriver.java:1)
	at org.openqa.selenium.remote.RemoteWebDriver.startSession(RemoteWebDriver.java:249)
	at org.openqa.selenium.remote.RemoteWebDriver.<init>(RemoteWebDriver.java:131)
	at org.openqa.selenium.remote.RemoteWebDriver.<init>(RemoteWebDriver.java:144)
	at io.appium.java_client.DefaultGenericMobileDriver.<init>(DefaultGenericMobileDriver.java:39)
	at io.appium.java_client.AppiumDriver.<init>(AppiumDriver.java:69)
	at io.appium.java_client.AppiumDriver.<init>(AppiumDriver.java:78)
	at io.appium.java_client.android.AndroidDriver.<init>(AndroidDriver.java:67)
	at Mobile.com.mobile.framework.Amazon2.testApp(Amazon2.java:36)
	at sun.reflect.NativeMethodAccessorImpl.invoke0(Native Method)
	at sun.reflect.NativeMethodAccessorImpl.invoke(Unknown Source)
	at sun.reflect.DelegatingMethodAccessorImpl.invoke(Unknown Source)
	at java.lang.reflect.Method.invoke(Unknown Source)
	at org.testng.internal.MethodInvocationHelper.invokeMethod(MethodInvocationHelper.java:104)
	at org.testng.internal.Invoker.invokeMethod(Invoker.java:645)
	at org.testng.internal.Invoker.invokeTestMethod(Invoker.java:851)
	at org.testng.internal.Invoker.invokeTestMethods(Invoker.java:1177)
	at org.testng.internal.TestMethodWorker.invokeTestMethods(TestMethodWorker.java:129)
	at org.testng.internal.TestMethodWorker.run(TestMethodWorker.java:112)
	at org.testng.TestRunner.privateRun(TestRunner.java:756)
	at org.testng.TestRunner.run(TestRunner.java:610)
	at org.testng.SuiteRunner.runTest(SuiteRunner.java:387)
	at org.testng.SuiteRunner.runSequentially(SuiteRunner.java:382)
	at org.testng.SuiteRunner.privateRun(SuiteRunner.java:340)
	at org.testng.SuiteRunner.run(SuiteRunner.java:289)
	at org.testng.SuiteRunnerWorker.runSuite(SuiteRunnerWorker.java:52)
	at org.testng.SuiteRunnerWorker.run(SuiteRunnerWorker.java:86)
	at org.testng.TestNG.runSuitesSequentially(TestNG.java:1293)
	at org.testng.TestNG.runSuitesLocally(TestNG.java:1218)
	at org.testng.TestNG.runSuites(TestNG.java:1133)
	at org.testng.TestNG.run(TestNG.java:1104)
	at org.testng.remote.AbstractRemoteTestNG.run(AbstractRemoteTestNG.java:114)
	at org.testng.remote.RemoteTestNG.initAndRun(RemoteTestNG.java:251)
	at org.testng.remote.RemoteTestNG.main(RemoteTestNG.java:77)
]]>
    </error>
  </testcase> <!-- testApp -->
</testsuite> <!-- Mobile.com.mobile.framework.Amazon2 -->
